<?xml version="1.0" encoding="UTF-8"?>
<!-- Generated by org.testng.reporters.JUnitReportReporter -->
<testsuite hostname="Asplap3116" failures="0" tests="1" name="login.PageObject.prismLoginExtendReport" time="21.110" errors="0" timestamp="2023-05-04T14:06:18 IST" skipped="0">
  <testcase classname="login.PageObject.prismLoginExtendReport" name="main" time="21.110"/>
  <system-out/>
</testsuite> <!-- login.PageObject.prismLoginExtendReport -->
