<?xml version="1.0" encoding="UTF-8"?>
<!-- Generated by org.testng.reporters.JUnitReportReporter -->
<testsuite hostname="Asplap3116" failures="0" tests="1" name="login.Login" time="0.691" errors="0" timestamp="2023-03-16T11:51:30 IST" skipped="0">
  <testcase classname="login.Login" name="main" time="0.691"/>
  <system-out/>
</testsuite> <!-- login.Login -->
