<?xml version="1.0" encoding="UTF-8"?>
<!-- Generated by org.testng.reporters.JUnitReportReporter -->
<testsuite hostname="Asplap3116" failures="0" tests="1" name="login.prismLoginExtendReport" time="8.017" errors="0" timestamp="2023-05-03T17:48:04 IST" skipped="0">
  <testcase classname="login.prismLoginExtendReport" name="main" time="8.017"/>
  <system-out/>
</testsuite> <!-- login.prismLoginExtendReport -->
